1537531872802	geckodriver	INFO	geckodriver 0.20.0 (0ac3698a74a7b1a742682b8e704f1f418df827ed 2018-03-13)
1537531872807	geckodriver	INFO	Listening on 127.0.0.1:57189
1537531875924	mozrunner::runner	INFO	Running command: "C:\\Program Files (x86)\\Mozilla Firefox\\firefox.exe" "-marionette" "-profile" "C:\\Users\\dudnikov\\AppData\\Local\\Temp\\rust_mozprofile.qF9c7cfuwHkU"
1537531876742	addons.manager	DEBUG	Application has been upgraded
1537531876753	addons.manager	DEBUG	Loaded provider scope for resource://gre/modules/addons/XPIProvider.jsm: ["XPIProvider", "XPIInternal"]
1537531876755	addons.manager	DEBUG	Loaded provider scope for resource://gre/modules/LightweightThemeManager.jsm: ["LightweightThemeManager"]
1537531876771	addons.manager	DEBUG	Loaded provider scope for resource://gre/modules/addons/GMPProvider.jsm
1537531876773	addons.manager	DEBUG	Loaded provider scope for resource://gre/modules/addons/PluginProvider.jsm
1537531876773	addons.manager	DEBUG	Starting provider: XPIProvider
1537531876774	addons.xpi	DEBUG	startup
1537531876774	addons.xpi	INFO	SystemAddonInstallLocation directory is missing
1537531876782	addons.xpi	INFO	Removing all system add-on upgrades.
1537531876783	addons.xpi	DEBUG	checkForChanges
1537531876783	addons.xpi	DEBUG	Loaded add-on state: ${}
1537531876784	addons.xpi	DEBUG	New add-on activity-stream@mozilla.org in app-system-defaults
1537531876785	addons.xpi	DEBUG	New add-on aushelper@mozilla.org in app-system-defaults
1537531876785	addons.xpi	DEBUG	New add-on firefox@getpocket.com in app-system-defaults
1537531876786	addons.xpi	DEBUG	New add-on formautofill@mozilla.org in app-system-defaults
1537531876786	addons.xpi	DEBUG	New add-on onboarding@mozilla.org in app-system-defaults
1537531876786	addons.xpi	DEBUG	New add-on screenshots@mozilla.org in app-system-defaults
1537531876787	addons.xpi	DEBUG	New add-on webcompat-reporter@mozilla.org in app-system-defaults
1537531876787	addons.xpi	DEBUG	New add-on webcompat@mozilla.org in app-system-defaults
1537531876788	addons.xpi	DEBUG	getInstallState changed: true, state: {}
1537531876794	addons.xpi-utils	DEBUG	Opening XPI database C:\Users\dudnikov\AppData\Local\Temp\rust_mozprofile.qF9c7cfuwHkU\extensions.json
1537531876795	addons.xpi-utils	DEBUG	New add-on activity-stream@mozilla.org installed in app-system-defaults
*** Blocklist::_preloadBlocklistFile: blocklist is disabled
1537531876822	addons.xpi-utils	DEBUG	New add-on aushelper@mozilla.org installed in app-system-defaults
1537531876824	addons.xpi-utils	DEBUG	New add-on firefox@getpocket.com installed in app-system-defaults
1537531876965	addons.xpi-utils	DEBUG	New add-on formautofill@mozilla.org installed in app-system-defaults
1537531876967	addons.xpi-utils	DEBUG	XPI Database saved, setting schema version preference to 26
1537531876977	addons.xpi-utils	DEBUG	New add-on onboarding@mozilla.org installed in app-system-defaults
1537531877034	addons.xpi-utils	DEBUG	New add-on screenshots@mozilla.org installed in app-system-defaults
1537531877088	addons.xpi-utils	DEBUG	New add-on webcompat-reporter@mozilla.org installed in app-system-defaults
1537531877092	addons.xpi-utils	DEBUG	New add-on webcompat@mozilla.org installed in app-system-defaults
1537531877245	addons.manager	DEBUG	Registering startup change 'installed' for activity-stream@mozilla.org
1537531877250	addons.xpi	DEBUG	Loading bootstrap scope from C:\Program Files (x86)\Mozilla Firefox\browser\features\activity-stream@mozilla.org.xpi
1537531877252	addons.xpi	DEBUG	Calling bootstrap method install on activity-stream@mozilla.org version 2018.06.29.1026-fa231556
1537531877252	addons.xpi-utils	DEBUG	Make addon app-system-defaults:activity-stream@mozilla.org visible
1537531877252	addons.xpi	DEBUG	Updating XPIState for {"id":"activity-stream@mozilla.org","syncGUID":"{88d57503-97bc-493a-82b2-4b5b83c2fcbf}","location":"app-system-defaults","version":"2018.06.29.1026-fa231556","type":"extension","updateURL":null,"optionsURL":null,"optionsType":null,"aboutURL":null,"defaultLocale":{"name":"Activity Stream","description":"A rich visual history feed and a reimagined home page make it easier than ever to find exactly what you're looking for in Firefox.","creator":null,"homepageURL":null},"visible":true,"active":false,"userDisabled":false,"appDisabled":false,"installDate":1535470904620,"updateDate":1535470904620,"applyBackgroundUpdates":1,"bootstrap":true,"path":"C:\\Program Files (x86)\\Mozilla Firefox\\browser\\features\\activity-stream@mozilla.org.xpi","skinnable":false,"size":2732420,"sourceURI":null,"releaseNotesURI":null,"softDisabled":false,"foreignInstall":false,"strictCompatibility":false,"locales":[],"targetApplications":[{"id":"{ec8030f7-c20a-464f-9b0e-13a3a9e97384}","minVersion":"61.0.2","maxVersion":"61.*"}],"targetPlatforms":[],"seen":true,"dependencies":[],"hasEmbeddedWebExtension":false,"userPermissions":null,"icons":{},"iconURL":null,"icon64URL":null,"blocklistState":0,"blocklistURL":null,"startupData":null}
1537531877253	addons.manager	DEBUG	Registering startup change 'installed' for aushelper@mozilla.org
1537531877253	addons.xpi	DEBUG	Loading bootstrap scope from C:\Program Files (x86)\Mozilla Firefox\browser\features\aushelper@mozilla.org.xpi
1537531877255	addons.xpi	DEBUG	Calling bootstrap method install on aushelper@mozilla.org version 2.0
1537531877255	addons.xpi-utils	DEBUG	Make addon app-system-defaults:aushelper@mozilla.org visible
1537531877255	addons.xpi	DEBUG	Updating XPIState for {"id":"aushelper@mozilla.org","syncGUID":"{84be90cb-f06e-4eef-8044-69fdb2eb8474}","location":"app-system-defaults","version":"2.0","type":"extension","updateURL":null,"optionsURL":null,"optionsType":null,"aboutURL":null,"defaultLocale":{"name":"Application Update Service Helper","description":"Sets value(s) in the update url based on custom checks.","creator":null,"homepageURL":null},"visible":true,"active":false,"userDisabled":false,"appDisabled":false,"installDate":1535470904516,"updateDate":1535470904516,"applyBackgroundUpdates":1,"bootstrap":true,"path":"C:\\Program Files (x86)\\Mozilla Firefox\\browser\\features\\aushelper@mozilla.org.xpi","skinnable":false,"size":8425,"sourceURI":null,"releaseNotesURI":null,"softDisabled":false,"foreignInstall":false,"strictCompatibility":false,"locales":[],"targetApplications":[{"id":"{ec8030f7-c20a-464f-9b0e-13a3a9e97384}","minVersion":"61.0.2","maxVersion":"61.*"}],"targetPlatforms":[],"seen":true,"dependencies":[],"hasEmbeddedWebExtension":false,"userPermissions":null,"icons":{},"iconURL":null,"icon64URL":null,"blocklistState":0,"blocklistURL":null,"startupData":null}
1537531877256	addons.manager	DEBUG	Registering startup change 'installed' for firefox@getpocket.com
1537531877256	addons.xpi	DEBUG	Loading bootstrap scope from C:\Program Files (x86)\Mozilla Firefox\browser\features\firefox@getpocket.com.xpi
1537531877259	addons.xpi	DEBUG	Calling bootstrap method install on firefox@getpocket.com version 1.0.5
1537531877259	addons.xpi-utils	DEBUG	Make addon app-system-defaults:firefox@getpocket.com visible
1537531877259	addons.xpi	DEBUG	Updating XPIState for {"id":"firefox@getpocket.com","syncGUID":"{bc35197a-e1cb-4232-88ca-7eba173160d6}","location":"app-system-defaults","version":"1.0.5","type":"extension","updateURL":null,"optionsURL":null,"optionsType":null,"aboutURL":null,"defaultLocale":{"name":"Pocket","description":"When you find something you want to view later, put it in Pocket.","creator":null,"homepageURL":null},"visible":true,"active":false,"userDisabled":false,"appDisabled":false,"installDate":1535470904495,"updateDate":1535470904495,"applyBackgroundUpdates":1,"bootstrap":true,"path":"C:\\Program Files (x86)\\Mozilla Firefox\\browser\\features\\firefox@getpocket.com.xpi","skinnable":false,"size":856795,"sourceURI":null,"releaseNotesURI":null,"softDisabled":false,"foreignInstall":false,"strictCompatibility":false,"locales":[],"targetApplications":[{"id":"{ec8030f7-c20a-464f-9b0e-13a3a9e97384}","minVersion":"61.0.2","maxVersion":"61.*"}],"targetPlatforms":[],"seen":true,"dependencies":[],"hasEmbeddedWebExtension":false,"userPermissions":null,"icons":{},"iconURL":null,"icon64URL":null,"blocklistState":0,"blocklistURL":null,"startupData":null}
1537531877260	addons.manager	DEBUG	Registering startup change 'installed' for formautofill@mozilla.org
1537531877260	addons.xpi	DEBUG	Loading bootstrap scope from C:\Program Files (x86)\Mozilla Firefox\browser\features\formautofill@mozilla.org.xpi
1537531877261	addons.xpi	DEBUG	Calling bootstrap method install on formautofill@mozilla.org version 1.0
1537531877261	addons.xpi-utils	DEBUG	Make addon app-system-defaults:formautofill@mozilla.org visible
1537531877262	addons.xpi	DEBUG	Updating XPIState for {"id":"formautofill@mozilla.org","syncGUID":"{11270f27-6455-4f9d-a7a5-c883082c0f46}","location":"app-system-defaults","version":"1.0","type":"extension","updateURL":null,"optionsURL":null,"optionsType":null,"aboutURL":null,"defaultLocale":{"name":"Form Autofill","description":"Autofill forms with saved profiles","creator":null,"homepageURL":null},"visible":true,"active":false,"userDisabled":false,"appDisabled":false,"installDate":1535470904415,"updateDate":1535470904415,"applyBackgroundUpdates":1,"bootstrap":true,"path":"C:\\Program Files (x86)\\Mozilla Firefox\\browser\\features\\formautofill@mozilla.org.xpi","skinnable":false,"size":466943,"sourceURI":null,"releaseNotesURI":null,"softDisabled":false,"foreignInstall":false,"strictCompatibility":false,"locales":[],"targetApplications":[{"id":"{ec8030f7-c20a-464f-9b0e-13a3a9e97384}","minVersion":"61.0.2","maxVersion":"61.*"}],"targetPlatforms":[],"seen":true,"dependencies":[],"hasEmbeddedWebExtension":false,"userPermissions":null,"icons":{},"iconURL":null,"icon64URL":null,"blocklistState":0,"blocklistURL":null,"startupData":null}
1537531877262	addons.manager	DEBUG	Registering startup change 'installed' for onboarding@mozilla.org
1537531877262	addons.xpi	DEBUG	Loading bootstrap scope from C:\Program Files (x86)\Mozilla Firefox\browser\features\onboarding@mozilla.org.xpi
1537531877264	addons.xpi	DEBUG	Calling bootstrap method install on onboarding@mozilla.org version 1.0
1537531877264	addons.xpi-utils	DEBUG	Make addon app-system-defaults:onboarding@mozilla.org visible
1537531877264	addons.xpi	DEBUG	Updating XPIState for {"id":"onboarding@mozilla.org","syncGUID":"{c7397b38-ebea-4cd8-87b4-71b26b34dced}","location":"app-system-defaults","version":"1.0","type":"extension","updateURL":null,"optionsURL":null,"optionsType":null,"aboutURL":null,"defaultLocale":{"name":"Photon onboarding","description":"Photon onboarding","creator":null,"homepageURL":null},"visible":true,"active":false,"userDisabled":false,"appDisabled":false,"installDate":1535470904301,"updateDate":1535470904301,"applyBackgroundUpdates":1,"bootstrap":true,"path":"C:\\Program Files (x86)\\Mozilla Firefox\\browser\\features\\onboarding@mozilla.org.xpi","skinnable":false,"size":568863,"sourceURI":null,"releaseNotesURI":null,"softDisabled":false,"foreignInstall":false,"strictCompatibility":false,"locales":[],"targetApplications":[{"id":"{ec8030f7-c20a-464f-9b0e-13a3a9e97384}","minVersion":"61.0.2","maxVersion":"61.*"}],"targetPlatforms":[],"seen":true,"dependencies":[],"hasEmbeddedWebExtension":false,"userPermissions":null,"icons":{},"iconURL":null,"icon64URL":null,"blocklistState":0,"blocklistURL":null,"startupData":null}
1537531877264	addons.manager	DEBUG	Registering startup change 'installed' for screenshots@mozilla.org
1537531877264	addons.xpi	DEBUG	Loading bootstrap scope from C:\Program Files (x86)\Mozilla Firefox\browser\features\screenshots@mozilla.org.xpi
1537531877266	addons.xpi	DEBUG	Calling bootstrap method install on screenshots@mozilla.org version 32.1.0
1537531877266	addons.xpi-utils	DEBUG	Make addon app-system-defaults:screenshots@mozilla.org visible
1537531877266	addons.xpi	DEBUG	Updating XPIState for {"id":"screenshots@mozilla.org","syncGUID":"{f26bd907-7cf8-4cb5-9f0f-a81ea11ebbf8}","location":"app-system-defaults","version":"32.1.0","type":"extension","updateURL":null,"optionsURL":null,"optionsType":null,"aboutURL":null,"defaultLocale":{"name":"Firefox Screenshots","description":null,"creator":null,"homepageURL":"https://screenshots.firefox.com/"},"visible":true,"active":false,"userDisabled":false,"appDisabled":false,"installDate":1530702727806,"updateDate":1530702727806,"applyBackgroundUpdates":1,"bootstrap":true,"path":"C:\\Program Files (x86)\\Mozilla Firefox\\browser\\features\\screenshots@mozilla.org.xpi","skinnable":false,"size":1002421,"sourceURI":null,"releaseNotesURI":null,"softDisabled":false,"foreignInstall":false,"strictCompatibility":false,"locales":[],"targetApplications":[{"id":"{ec8030f7-c20a-464f-9b0e-13a3a9e97384}","minVersion":"57.0a1","maxVersion":"*"}],"targetPlatforms":[],"seen":true,"dependencies":[],"hasEmbeddedWebExtension":false,"userPermissions":null,"icons":{},"iconURL":null,"icon64URL":null,"blocklistState":0,"blocklistURL":null,"startupData":null}
1537531877267	addons.manager	DEBUG	Registering startup change 'installed' for webcompat-reporter@mozilla.org
1537531877267	addons.xpi	DEBUG	Loading bootstrap scope from C:\Program Files (x86)\Mozilla Firefox\browser\features\webcompat-reporter@mozilla.org.xpi
1537531877268	addons.xpi	DEBUG	Calling bootstrap method install on webcompat-reporter@mozilla.org version 1.0.0
1537531877268	addons.xpi-utils	DEBUG	Make addon app-system-defaults:webcompat-reporter@mozilla.org visible
1537531877268	addons.xpi	DEBUG	Updating XPIState for {"id":"webcompat-reporter@mozilla.org","syncGUID":"{f08423ae-f53b-471a-9027-22adbde4fe26}","location":"app-system-defaults","version":"1.0.0","type":"extension","updateURL":null,"optionsURL":null,"optionsType":null,"aboutURL":null,"defaultLocale":{"name":"WebCompat Reporter","description":"Report site compatibility issues on webcompat.com.","creator":null,"homepageURL":null},"visible":true,"active":false,"userDisabled":false,"appDisabled":false,"installDate":1535470904178,"updateDate":1535470904178,"applyBackgroundUpdates":1,"bootstrap":true,"path":"C:\\Program Files (x86)\\Mozilla Firefox\\browser\\features\\webcompat-reporter@mozilla.org.xpi","skinnable":false,"size":12783,"sourceURI":null,"releaseNotesURI":null,"softDisabled":false,"foreignInstall":false,"strictCompatibility":false,"locales":[],"targetApplications":[{"id":"{ec8030f7-c20a-464f-9b0e-13a3a9e97384}","minVersion":"61.0.2","maxVersion":"61.*"}],"targetPlatforms":[],"seen":true,"dependencies":[],"hasEmbeddedWebExtension":false,"userPermissions":null,"icons":{},"iconURL":null,"icon64URL":null,"blocklistState":0,"blocklistURL":null,"startupData":null}
1537531877268	addons.manager	DEBUG	Registering startup change 'installed' for webcompat@mozilla.org
1537531877268	addons.xpi	DEBUG	Loading bootstrap scope from C:\Program Files (x86)\Mozilla Firefox\browser\features\webcompat@mozilla.org.xpi
1537531877269	addons.xpi	DEBUG	Calling bootstrap method install on webcompat@mozilla.org version 2.0
1537531877269	addons.xpi-utils	DEBUG	Make addon app-system-defaults:webcompat@mozilla.org visible
1537531877269	addons.xpi	DEBUG	Updating XPIState for {"id":"webcompat@mozilla.org","syncGUID":"{9ec4a286-3f0a-4690-8dc5-0cc0964e8e10}","location":"app-system-defaults","version":"2.0","type":"extension","updateURL":null,"optionsURL":null,"optionsType":null,"aboutURL":null,"defaultLocale":{"name":"Web Compat","description":"Urgent post-release fixes for web compatibility.","creator":null,"homepageURL":null},"visible":true,"active":false,"userDisabled":false,"appDisabled":false,"installDate":1535470904119,"updateDate":1535470904119,"applyBackgroundUpdates":1,"bootstrap":true,"path":"C:\\Program Files (x86)\\Mozilla Firefox\\browser\\features\\webcompat@mozilla.org.xpi","skinnable":false,"size":13138,"sourceURI":null,"releaseNotesURI":null,"softDisabled":false,"foreignInstall":false,"strictCompatibility":false,"locales":[],"targetApplications":[{"id":"{ec8030f7-c20a-464f-9b0e-13a3a9e97384}","minVersion":"61.0.2","maxVersion":"61.*"},{"id":"{aa3c5121-dab2-40e2-81ca-7ea25febc110}","minVersion":"61.0.2","maxVersion":"61.*"}],"targetPlatforms":[],"seen":true,"dependencies":[],"hasEmbeddedWebExtension":true,"userPermissions":null,"icons":{},"iconURL":null,"icon64URL":null,"blocklistState":0,"blocklistURL":null,"startupData":null}
1537531877270	addons.xpi	DEBUG	Updating XPIState for {"id":"activity-stream@mozilla.org","syncGUID":"{88d57503-97bc-493a-82b2-4b5b83c2fcbf}","location":"app-system-defaults","version":"2018.06.29.1026-fa231556","type":"extension","updateURL":null,"optionsURL":null,"optionsType":null,"aboutURL":null,"defaultLocale":{"name":"Activity Stream","description":"A rich visual history feed and a reimagined home page make it easier than ever to find exactly what you're looking for in Firefox.","creator":null,"homepageURL":null},"visible":true,"active":true,"userDisabled":false,"appDisabled":false,"installDate":1535470904620,"updateDate":1535470904620,"applyBackgroundUpdates":1,"bootstrap":true,"path":"C:\\Program Files (x86)\\Mozilla Firefox\\browser\\features\\activity-stream@mozilla.org.xpi","skinnable":false,"size":2732420,"sourceURI":null,"releaseNotesURI":null,"softDisabled":false,"foreignInstall":false,"strictCompatibility":false,"locales":[],"targetApplications":[{"id":"{ec8030f7-c20a-464f-9b0e-13a3a9e97384}","minVersion":"61.0.2","maxVersion":"61.*"}],"targetPlatforms":[],"seen":true,"dependencies":[],"hasEmbeddedWebExtension":false,"userPermissions":null,"icons":{},"iconURL":null,"icon64URL":null,"blocklistState":0,"blocklistURL":null,"startupData":null}
1537531877270	addons.xpi	DEBUG	Updating XPIState for {"id":"aushelper@mozilla.org","syncGUID":"{84be90cb-f06e-4eef-8044-69fdb2eb8474}","location":"app-system-defaults","version":"2.0","type":"extension","updateURL":null,"optionsURL":null,"optionsType":null,"aboutURL":null,"defaultLocale":{"name":"Application Update Service Helper","description":"Sets value(s) in the update url based on custom checks.","creator":null,"homepageURL":null},"visible":true,"active":true,"userDisabled":false,"appDisabled":false,"installDate":1535470904516,"updateDate":1535470904516,"applyBackgroundUpdates":1,"bootstrap":true,"path":"C:\\Program Files (x86)\\Mozilla Firefox\\browser\\features\\aushelper@mozilla.org.xpi","skinnable":false,"size":8425,"sourceURI":null,"releaseNotesURI":null,"softDisabled":false,"foreignInstall":false,"strictCompatibility":false,"locales":[],"targetApplications":[{"id":"{ec8030f7-c20a-464f-9b0e-13a3a9e97384}","minVersion":"61.0.2","maxVersion":"61.*"}],"targetPlatforms":[],"seen":true,"dependencies":[],"hasEmbeddedWebExtension":false,"userPermissions":null,"icons":{},"iconURL":null,"icon64URL":null,"blocklistState":0,"blocklistURL":null,"startupData":null}
1537531877270	addons.xpi	DEBUG	Updating XPIState for {"id":"firefox@getpocket.com","syncGUID":"{bc35197a-e1cb-4232-88ca-7eba173160d6}","location":"app-system-defaults","version":"1.0.5","type":"extension","updateURL":null,"optionsURL":null,"optionsType":null,"aboutURL":null,"defaultLocale":{"name":"Pocket","description":"When you find something you want to view later, put it in Pocket.","creator":null,"homepageURL":null},"visible":true,"active":true,"userDisabled":false,"appDisabled":false,"installDate":1535470904495,"updateDate":1535470904495,"applyBackgroundUpdates":1,"bootstrap":true,"path":"C:\\Program Files (x86)\\Mozilla Firefox\\browser\\features\\firefox@getpocket.com.xpi","skinnable":false,"size":856795,"sourceURI":null,"releaseNotesURI":null,"softDisabled":false,"foreignInstall":false,"strictCompatibility":false,"locales":[],"targetApplications":[{"id":"{ec8030f7-c20a-464f-9b0e-13a3a9e97384}","minVersion":"61.0.2","maxVersion":"61.*"}],"targetPlatforms":[],"seen":true,"dependencies":[],"hasEmbeddedWebExtension":false,"userPermissions":null,"icons":{},"iconURL":null,"icon64URL":null,"blocklistState":0,"blocklistURL":null,"startupData":null}
1537531877270	addons.xpi	DEBUG	Updating XPIState for {"id":"formautofill@mozilla.org","syncGUID":"{11270f27-6455-4f9d-a7a5-c883082c0f46}","location":"app-system-defaults","version":"1.0","type":"extension","updateURL":null,"optionsURL":null,"optionsType":null,"aboutURL":null,"defaultLocale":{"name":"Form Autofill","description":"Autofill forms with saved profiles","creator":null,"homepageURL":null},"visible":true,"active":true,"userDisabled":false,"appDisabled":false,"installDate":1535470904415,"updateDate":1535470904415,"applyBackgroundUpdates":1,"bootstrap":true,"path":"C:\\Program Files (x86)\\Mozilla Firefox\\browser\\features\\formautofill@mozilla.org.xpi","skinnable":false,"size":466943,"sourceURI":null,"releaseNotesURI":null,"softDisabled":false,"foreignInstall":false,"strictCompatibility":false,"locales":[],"targetApplications":[{"id":"{ec8030f7-c20a-464f-9b0e-13a3a9e97384}","minVersion":"61.0.2","maxVersion":"61.*"}],"targetPlatforms":[],"seen":true,"dependencies":[],"hasEmbeddedWebExtension":false,"userPermissions":null,"icons":{},"iconURL":null,"icon64URL":null,"blocklistState":0,"blocklistURL":null,"startupData":null}
1537531877270	addons.xpi	DEBUG	Updating XPIState for {"id":"onboarding@mozilla.org","syncGUID":"{c7397b38-ebea-4cd8-87b4-71b26b34dced}","location":"app-system-defaults","version":"1.0","type":"extension","updateURL":null,"optionsURL":null,"optionsType":null,"aboutURL":null,"defaultLocale":{"name":"Photon onboarding","description":"Photon onboarding","creator":null,"homepageURL":null},"visible":true,"active":true,"userDisabled":false,"appDisabled":false,"installDate":1535470904301,"updateDate":1535470904301,"applyBackgroundUpdates":1,"bootstrap":true,"path":"C:\\Program Files (x86)\\Mozilla Firefox\\browser\\features\\onboarding@mozilla.org.xpi","skinnable":false,"size":568863,"sourceURI":null,"releaseNotesURI":null,"softDisabled":false,"foreignInstall":false,"strictCompatibility":false,"locales":[],"targetApplications":[{"id":"{ec8030f7-c20a-464f-9b0e-13a3a9e97384}","minVersion":"61.0.2","maxVersion":"61.*"}],"targetPlatforms":[],"seen":true,"dependencies":[],"hasEmbeddedWebExtension":false,"userPermissions":null,"icons":{},"iconURL":null,"icon64URL":null,"blocklistState":0,"blocklistURL":null,"startupData":null}
1537531877270	addons.xpi	DEBUG	Updating XPIState for {"id":"screenshots@mozilla.org","syncGUID":"{f26bd907-7cf8-4cb5-9f0f-a81ea11ebbf8}","location":"app-system-defaults","version":"32.1.0","type":"extension","updateURL":null,"optionsURL":null,"optionsType":null,"aboutURL":null,"defaultLocale":{"name":"Firefox Screenshots","description":null,"creator":null,"homepageURL":"https://screenshots.firefox.com/"},"visible":true,"active":true,"userDisabled":false,"appDisabled":false,"installDate":1530702727806,"updateDate":1530702727806,"applyBackgroundUpdates":1,"bootstrap":true,"path":"C:\\Program Files (x86)\\Mozilla Firefox\\browser\\features\\screenshots@mozilla.org.xpi","skinnable":false,"size":1002421,"sourceURI":null,"releaseNotesURI":null,"softDisabled":false,"foreignInstall":false,"strictCompatibility":false,"locales":[],"targetApplications":[{"id":"{ec8030f7-c20a-464f-9b0e-13a3a9e97384}","minVersion":"57.0a1","maxVersion":"*"}],"targetPlatforms":[],"seen":true,"dependencies":[],"hasEmbeddedWebExtension":false,"userPermissions":null,"icons":{},"iconURL":null,"icon64URL":null,"blocklistState":0,"blocklistURL":null,"startupData":null}
1537531877270	addons.xpi	DEBUG	Updating XPIState for {"id":"webcompat-reporter@mozilla.org","syncGUID":"{f08423ae-f53b-471a-9027-22adbde4fe26}","location":"app-system-defaults","version":"1.0.0","type":"extension","updateURL":null,"optionsURL":null,"optionsType":null,"aboutURL":null,"defaultLocale":{"name":"WebCompat Reporter","description":"Report site compatibility issues on webcompat.com.","creator":null,"homepageURL":null},"visible":true,"active":true,"userDisabled":false,"appDisabled":false,"installDate":1535470904178,"updateDate":1535470904178,"applyBackgroundUpdates":1,"bootstrap":true,"path":"C:\\Program Files (x86)\\Mozilla Firefox\\browser\\features\\webcompat-reporter@mozilla.org.xpi","skinnable":false,"size":12783,"sourceURI":null,"releaseNotesURI":null,"softDisabled":false,"foreignInstall":false,"strictCompatibility":false,"locales":[],"targetApplications":[{"id":"{ec8030f7-c20a-464f-9b0e-13a3a9e97384}","minVersion":"61.0.2","maxVersion":"61.*"}],"targetPlatforms":[],"seen":true,"dependencies":[],"hasEmbeddedWebExtension":false,"userPermissions":null,"icons":{},"iconURL":null,"icon64URL":null,"blocklistState":0,"blocklistURL":null,"startupData":null}
1537531877270	addons.xpi	DEBUG	Updating XPIState for {"id":"webcompat@mozilla.org","syncGUID":"{9ec4a286-3f0a-4690-8dc5-0cc0964e8e10}","location":"app-system-defaults","version":"2.0","type":"extension","updateURL":null,"optionsURL":null,"optionsType":null,"aboutURL":null,"defaultLocale":{"name":"Web Compat","description":"Urgent post-release fixes for web compatibility.","creator":null,"homepageURL":null},"visible":true,"active":true,"userDisabled":false,"appDisabled":false,"installDate":1535470904119,"updateDate":1535470904119,"applyBackgroundUpdates":1,"bootstrap":true,"path":"C:\\Program Files (x86)\\Mozilla Firefox\\browser\\features\\webcompat@mozilla.org.xpi","skinnable":false,"size":13138,"sourceURI":null,"releaseNotesURI":null,"softDisabled":false,"foreignInstall":false,"strictCompatibility":false,"locales":[],"targetApplications":[{"id":"{ec8030f7-c20a-464f-9b0e-13a3a9e97384}","minVersion":"61.0.2","maxVersion":"61.*"},{"id":"{aa3c5121-dab2-40e2-81ca-7ea25febc110}","minVersion":"61.0.2","maxVersion":"61.*"}],"targetPlatforms":[],"seen":true,"dependencies":[],"hasEmbeddedWebExtension":true,"userPermissions":null,"icons":{},"iconURL":null,"icon64URL":null,"blocklistState":0,"blocklistURL":null,"startupData":null}
1537531877270	addons.xpi	DEBUG	Updating database with changes to installed add-ons
1537531877270	addons.xpi-utils	DEBUG	Updating add-on states
1537531877272	addons.xpi	DEBUG	Registering manifest for C:\Program Files (x86)\Mozilla Firefox\browser\features\activity-stream@mozilla.org.xpi
1537531877273	addons.xpi	DEBUG	Calling bootstrap method startup on activity-stream@mozilla.org version 2018.06.29.1026-fa231556
1537531877273	addons.xpi	DEBUG	Registering manifest for C:\Program Files (x86)\Mozilla Firefox\browser\features\aushelper@mozilla.org.xpi
1537531877274	addons.xpi	DEBUG	Calling bootstrap method startup on aushelper@mozilla.org version 2.0
1537531877275	addons.xpi	DEBUG	Registering manifest for C:\Program Files (x86)\Mozilla Firefox\browser\features\firefox@getpocket.com.xpi
1537531877275	addons.xpi	DEBUG	Calling bootstrap method startup on firefox@getpocket.com version 1.0.5
1537531877298	addons.xpi	DEBUG	Registering manifest for C:\Program Files (x86)\Mozilla Firefox\browser\features\formautofill@mozilla.org.xpi
1537531877298	addons.xpi	DEBUG	Calling bootstrap method startup on formautofill@mozilla.org version 1.0
1537531877299	addons.xpi	DEBUG	Registering manifest for C:\Program Files (x86)\Mozilla Firefox\browser\features\onboarding@mozilla.org.xpi
1537531877299	addons.xpi	DEBUG	Calling bootstrap method startup on onboarding@mozilla.org version 1.0
1537531877299	addons.xpi	DEBUG	Registering manifest for C:\Program Files (x86)\Mozilla Firefox\browser\features\screenshots@mozilla.org.xpi
1537531877299	addons.xpi	DEBUG	Calling bootstrap method startup on screenshots@mozilla.org version 32.1.0
1537531877300	addons.xpi	DEBUG	Registering manifest for C:\Program Files (x86)\Mozilla Firefox\browser\features\webcompat-reporter@mozilla.org.xpi
1537531877300	addons.xpi	DEBUG	Calling bootstrap method startup on webcompat-reporter@mozilla.org version 1.0.0
1537531877300	addons.xpi	DEBUG	Registering manifest for C:\Program Files (x86)\Mozilla Firefox\browser\features\webcompat@mozilla.org.xpi
1537531877301	addons.xpi	DEBUG	Calling bootstrap method startup on webcompat@mozilla.org version 2.0
1537531877302	addons.manager	DEBUG	Registering shutdown blocker for XPIProvider
1537531877302	addons.manager	DEBUG	Provider finished startup: XPIProvider
1537531877302	addons.manager	DEBUG	Starting provider: LightweightThemeManager
1537531877302	addons.manager	DEBUG	Registering shutdown blocker for LightweightThemeManager
1537531877302	addons.manager	DEBUG	Provider finished startup: LightweightThemeManager
1537531877303	addons.manager	DEBUG	Starting provider: GMPProvider
1537531877306	addons.manager	DEBUG	Registering shutdown blocker for GMPProvider
1537531877306	addons.manager	DEBUG	Provider finished startup: GMPProvider
1537531877306	addons.manager	DEBUG	Starting provider: PluginProvider
1537531877306	addons.manager	DEBUG	Registering shutdown blocker for PluginProvider
1537531877306	addons.manager	DEBUG	Provider finished startup: PluginProvider
1537531877307	addons.manager	DEBUG	Completed startup sequence
1537531880334	addons.xpi	DEBUG	Existing add-on activity-stream@mozilla.org in app-system-defaults
1537531880335	addons.xpi	DEBUG	Existing add-on aushelper@mozilla.org in app-system-defaults
1537531880335	addons.xpi	DEBUG	Existing add-on firefox@getpocket.com in app-system-defaults
1537531880335	addons.xpi	DEBUG	Existing add-on formautofill@mozilla.org in app-system-defaults
1537531880335	addons.xpi	DEBUG	Existing add-on onboarding@mozilla.org in app-system-defaults
1537531880335	addons.xpi	DEBUG	Existing add-on screenshots@mozilla.org in app-system-defaults
1537531880335	addons.xpi	DEBUG	Existing add-on webcompat-reporter@mozilla.org in app-system-defaults
1537531880336	addons.xpi	DEBUG	Existing add-on webcompat@mozilla.org in app-system-defaults
1537531880336	addons.xpi	DEBUG	getInstallState changed: false, state: {}
1537531881631	Marionette	INFO	Listening on port 57199
1537531881639	Marionette	WARN	TLS certificate errors will be ignored for this session
1537531901460	addons.xpi	DEBUG	Calling bootstrap method shutdown on webcompat@mozilla.org version 2.0
1537531901461	addons.xpi	DEBUG	Calling bootstrap method shutdown on webcompat-reporter@mozilla.org version 1.0.0
1537531901462	addons.xpi	DEBUG	Calling bootstrap method shutdown on screenshots@mozilla.org version 32.1.0
1537531901469	addons.xpi	DEBUG	Calling bootstrap method shutdown on onboarding@mozilla.org version 1.0
1537531901469	addons.xpi	DEBUG	Calling bootstrap method shutdown on formautofill@mozilla.org version 1.0
1537531901470	addons.xpi	DEBUG	Calling bootstrap method shutdown on firefox@getpocket.com version 1.0.5
1537531901471	addons.xpi	DEBUG	Calling bootstrap method shutdown on aushelper@mozilla.org version 2.0
1537531901471	addons.xpi	DEBUG	Calling bootstrap method shutdown on activity-stream@mozilla.org version 2018.06.29.1026-fa231556
[Parent 4396, Gecko_IOThread] WARNING: pipe error: 109: file z:/build/build/src/ipc/chromium/src/chrome/common/ipc_channel_win.cc, line 346
IPDL protocol error: Handler returned error code!

###!!! [Parent][DispatchAsyncMessage] Error: PLayerTransaction::Msg_ReleaseLayer Processing error: message was deserialized, but the handler returned false (indicating failure)

[Child 4076, Chrome_ChildThread] WARNING: pipe error: 109: file z:/build/build/src/ipc/chromium/src/chrome/common/ipc_channel_win.cc, line 346
[Child 4076, Chrome_ChildThread] WARNING: pipe error: 109: file z:/build/build/src/ipc/chromium/src/chrome/common/ipc_channel_win.cc, line 346
[Parent 4396, Gecko_IOThread] WARNING: file z:/build/build/src/ipc/chromium/src/base/process_util_win.cc, line 188
[Parent 4396, Gecko_IOThread] WARNING: pipe error: 109: file z:/build/build/src/ipc/chromium/src/chrome/common/ipc_channel_win.cc, line 346
[Child 6796, Chrome_ChildThread] WARNING: pipe error: 109: file z:/build/build/src/ipc/chromium/src/chrome/common/ipc_channel_win.cc, line 346
[Child 8284, Chrome_ChildThread] WARNING: pipe error: 109: file z:/build/build/src/ipc/chromium/src/chrome/common/ipc_channel_win.cc, line 346
[Child 8284, Chrome_ChildThread] WARNING: pipe error: 109: file z:/build/build/src/ipc/chromium/src/chrome/common/ipc_channel_win.cc, line 346
1537531901603	addons.manager	DEBUG	shutdown
1537531901604	addons.manager	DEBUG	Calling shutdown blocker for XPIProvider
1537531901604	addons.xpi	DEBUG	shutdown
1537531901604	addons.xpi-utils	DEBUG	shutdown
1537531901604	addons.manager	DEBUG	Calling shutdown blocker for LightweightThemeManager
1537531901604	addons.manager	DEBUG	Calling shutdown blocker for GMPProvider
1537531901604	addons.manager	DEBUG	Calling shutdown blocker for PluginProvider
1537531901609	addons.manager	DEBUG	Async provider shutdown done
*** UTM:SVC TimerManager:registerTimer called after profile-before-change notification. Ignoring timer registration for id: telemetry_modules_ping
1537531903129	geckodriver::marionette	ERROR	Failed to stop browser process
