# INFO     [2019-02-05 17:44:22,226]#  before_find   -> Test_Travelocity.Travelocity.test_step_2: xpath //*[@id="hotel-destination-hp-hotel"]
# INFO     [2019-02-05 17:44:22,668]#  before_click  -> Test_Travelocity.Travelocity.test_step_2: <selenium.webdriver.remote.webelement.WebElement (session="bbf35fee738ea50245a20dcb79eaf80f", element="0.6614832328629938-1")>
# INFO     [2019-02-05 17:44:25,860]#  before_change_value_of -> Test_Travelocity.Travelocity.test_step_2: <selenium.webdriver.remote.webelement.WebElement (session="bbf35fee738ea50245a20dcb79eaf80f", element="0.6614832328629938-1")>
# INFO     [2019-02-05 17:44:29,261]#  before_find   -> Test_Travelocity.Travelocity.test_step_3: xpath //*[@id="hotel-checkin-hp-hotel"]
# INFO     [2019-02-05 17:44:29,291]#  before_change_value_of -> Test_Travelocity.Travelocity.test_step_3: <selenium.webdriver.remote.webelement.WebElement (session="bbf35fee738ea50245a20dcb79eaf80f", element="0.6614832328629938-2")>
# INFO     [2019-02-05 17:44:29,372]#  before_change_value_of -> Test_Travelocity.Travelocity.test_step_3: <selenium.webdriver.remote.webelement.WebElement (session="bbf35fee738ea50245a20dcb79eaf80f", element="0.6614832328629938-2")>
# INFO     [2019-02-05 17:44:31,506]#  before_find   -> Test_Travelocity.Travelocity.test_step_4: xpath //*[@id="hotel-checkout-hp-hotel"]
# INFO     [2019-02-05 17:44:31,540]#  before_click  -> Test_Travelocity.Travelocity.test_step_4: <selenium.webdriver.remote.webelement.WebElement (session="bbf35fee738ea50245a20dcb79eaf80f", element="0.6614832328629938-3")>
# INFO     [2019-02-05 17:44:31,620]#  before_change_value_of -> Test_Travelocity.Travelocity.test_step_4: <selenium.webdriver.remote.webelement.WebElement (session="bbf35fee738ea50245a20dcb79eaf80f", element="0.6614832328629938-3")>
# INFO     [2019-02-05 17:44:31,643]#  before_change_value_of -> Test_Travelocity.Travelocity.test_step_4: <selenium.webdriver.remote.webelement.WebElement (session="bbf35fee738ea50245a20dcb79eaf80f", element="0.6614832328629938-3")>
# INFO     [2019-02-05 17:44:31,668]#  before_change_value_of -> Test_Travelocity.Travelocity.test_step_4: <selenium.webdriver.remote.webelement.WebElement (session="bbf35fee738ea50245a20dcb79eaf80f", element="0.6614832328629938-3")>
# INFO     [2019-02-05 17:44:31,689]#  before_change_value_of -> Test_Travelocity.Travelocity.test_step_4: <selenium.webdriver.remote.webelement.WebElement (session="bbf35fee738ea50245a20dcb79eaf80f", element="0.6614832328629938-3")>
# INFO     [2019-02-05 17:44:31,709]#  before_change_value_of -> Test_Travelocity.Travelocity.test_step_4: <selenium.webdriver.remote.webelement.WebElement (session="bbf35fee738ea50245a20dcb79eaf80f", element="0.6614832328629938-3")>
# INFO     [2019-02-05 17:44:31,730]#  before_change_value_of -> Test_Travelocity.Travelocity.test_step_4: <selenium.webdriver.remote.webelement.WebElement (session="bbf35fee738ea50245a20dcb79eaf80f", element="0.6614832328629938-3")>
# INFO     [2019-02-05 17:44:31,748]#  before_change_value_of -> Test_Travelocity.Travelocity.test_step_4: <selenium.webdriver.remote.webelement.WebElement (session="bbf35fee738ea50245a20dcb79eaf80f", element="0.6614832328629938-3")>
# INFO     [2019-02-05 17:44:31,764]#  before_change_value_of -> Test_Travelocity.Travelocity.test_step_4: <selenium.webdriver.remote.webelement.WebElement (session="bbf35fee738ea50245a20dcb79eaf80f", element="0.6614832328629938-3")>
# INFO     [2019-02-05 17:44:31,785]#  before_change_value_of -> Test_Travelocity.Travelocity.test_step_4: <selenium.webdriver.remote.webelement.WebElement (session="bbf35fee738ea50245a20dcb79eaf80f", element="0.6614832328629938-3")>
# INFO     [2019-02-05 17:44:31,803]#  before_change_value_of -> Test_Travelocity.Travelocity.test_step_4: <selenium.webdriver.remote.webelement.WebElement (session="bbf35fee738ea50245a20dcb79eaf80f", element="0.6614832328629938-3")>
# INFO     [2019-02-05 17:44:31,820]#  before_change_value_of -> Test_Travelocity.Travelocity.test_step_4: <selenium.webdriver.remote.webelement.WebElement (session="bbf35fee738ea50245a20dcb79eaf80f", element="0.6614832328629938-3")>
# INFO     [2019-02-05 17:44:31,838]#  before_change_value_of -> Test_Travelocity.Travelocity.test_step_4: <selenium.webdriver.remote.webelement.WebElement (session="bbf35fee738ea50245a20dcb79eaf80f", element="0.6614832328629938-3")>
# INFO     [2019-02-05 17:44:31,852]#  before_change_value_of -> Test_Travelocity.Travelocity.test_step_4: <selenium.webdriver.remote.webelement.WebElement (session="bbf35fee738ea50245a20dcb79eaf80f", element="0.6614832328629938-3")>
# INFO     [2019-02-05 17:44:31,866]#  before_change_value_of -> Test_Travelocity.Travelocity.test_step_4: <selenium.webdriver.remote.webelement.WebElement (session="bbf35fee738ea50245a20dcb79eaf80f", element="0.6614832328629938-3")>
# INFO     [2019-02-05 17:44:31,882]#  before_change_value_of -> Test_Travelocity.Travelocity.test_step_4: <selenium.webdriver.remote.webelement.WebElement (session="bbf35fee738ea50245a20dcb79eaf80f", element="0.6614832328629938-3")>
# INFO     [2019-02-05 17:44:31,896]#  before_change_value_of -> Test_Travelocity.Travelocity.test_step_4: <selenium.webdriver.remote.webelement.WebElement (session="bbf35fee738ea50245a20dcb79eaf80f", element="0.6614832328629938-3")>
# INFO     [2019-02-05 17:44:31,916]#  before_change_value_of -> Test_Travelocity.Travelocity.test_step_4: <selenium.webdriver.remote.webelement.WebElement (session="bbf35fee738ea50245a20dcb79eaf80f", element="0.6614832328629938-3")>
# INFO     [2019-02-05 17:44:31,930]#  before_change_value_of -> Test_Travelocity.Travelocity.test_step_4: <selenium.webdriver.remote.webelement.WebElement (session="bbf35fee738ea50245a20dcb79eaf80f", element="0.6614832328629938-3")>
# INFO     [2019-02-05 17:44:31,942]#  before_change_value_of -> Test_Travelocity.Travelocity.test_step_4: <selenium.webdriver.remote.webelement.WebElement (session="bbf35fee738ea50245a20dcb79eaf80f", element="0.6614832328629938-3")>
# INFO     [2019-02-05 17:44:31,955]#  before_change_value_of -> Test_Travelocity.Travelocity.test_step_4: <selenium.webdriver.remote.webelement.WebElement (session="bbf35fee738ea50245a20dcb79eaf80f", element="0.6614832328629938-3")>
# INFO     [2019-02-05 17:44:31,969]#  before_change_value_of -> Test_Travelocity.Travelocity.test_step_4: <selenium.webdriver.remote.webelement.WebElement (session="bbf35fee738ea50245a20dcb79eaf80f", element="0.6614832328629938-3")>
# INFO     [2019-02-05 17:44:31,984]#  before_change_value_of -> Test_Travelocity.Travelocity.test_step_4: <selenium.webdriver.remote.webelement.WebElement (session="bbf35fee738ea50245a20dcb79eaf80f", element="0.6614832328629938-3")>
# INFO     [2019-02-05 17:44:31,997]#  before_change_value_of -> Test_Travelocity.Travelocity.test_step_4: <selenium.webdriver.remote.webelement.WebElement (session="bbf35fee738ea50245a20dcb79eaf80f", element="0.6614832328629938-3")>
# INFO     [2019-02-05 17:44:32,010]#  before_change_value_of -> Test_Travelocity.Travelocity.test_step_4: <selenium.webdriver.remote.webelement.WebElement (session="bbf35fee738ea50245a20dcb79eaf80f", element="0.6614832328629938-3")>
# INFO     [2019-02-05 17:44:32,025]#  before_change_value_of -> Test_Travelocity.Travelocity.test_step_4: <selenium.webdriver.remote.webelement.WebElement (session="bbf35fee738ea50245a20dcb79eaf80f", element="0.6614832328629938-3")>
# INFO     [2019-02-05 17:44:32,038]#  before_change_value_of -> Test_Travelocity.Travelocity.test_step_4: <selenium.webdriver.remote.webelement.WebElement (session="bbf35fee738ea50245a20dcb79eaf80f", element="0.6614832328629938-3")>
# INFO     [2019-02-05 17:44:32,051]#  before_change_value_of -> Test_Travelocity.Travelocity.test_step_4: <selenium.webdriver.remote.webelement.WebElement (session="bbf35fee738ea50245a20dcb79eaf80f", element="0.6614832328629938-3")>
# INFO     [2019-02-05 17:44:32,065]#  before_change_value_of -> Test_Travelocity.Travelocity.test_step_4: <selenium.webdriver.remote.webelement.WebElement (session="bbf35fee738ea50245a20dcb79eaf80f", element="0.6614832328629938-3")>
# INFO     [2019-02-05 17:44:32,079]#  before_change_value_of -> Test_Travelocity.Travelocity.test_step_4: <selenium.webdriver.remote.webelement.WebElement (session="bbf35fee738ea50245a20dcb79eaf80f", element="0.6614832328629938-3")>
# INFO     [2019-02-05 17:44:32,095]#  before_change_value_of -> Test_Travelocity.Travelocity.test_step_4: <selenium.webdriver.remote.webelement.WebElement (session="bbf35fee738ea50245a20dcb79eaf80f", element="0.6614832328629938-3")>
# INFO     [2019-02-05 17:44:32,108]#  before_change_value_of -> Test_Travelocity.Travelocity.test_step_4: <selenium.webdriver.remote.webelement.WebElement (session="bbf35fee738ea50245a20dcb79eaf80f", element="0.6614832328629938-3")>
# INFO     [2019-02-05 17:44:32,121]#  before_change_value_of -> Test_Travelocity.Travelocity.test_step_4: <selenium.webdriver.remote.webelement.WebElement (session="bbf35fee738ea50245a20dcb79eaf80f", element="0.6614832328629938-3")>
# INFO     [2019-02-05 17:44:32,135]#  before_change_value_of -> Test_Travelocity.Travelocity.test_step_4: <selenium.webdriver.remote.webelement.WebElement (session="bbf35fee738ea50245a20dcb79eaf80f", element="0.6614832328629938-3")>
# INFO     [2019-02-05 17:44:32,148]#  before_change_value_of -> Test_Travelocity.Travelocity.test_step_4: <selenium.webdriver.remote.webelement.WebElement (session="bbf35fee738ea50245a20dcb79eaf80f", element="0.6614832328629938-3")>
# INFO     [2019-02-05 17:44:32,161]#  before_change_value_of -> Test_Travelocity.Travelocity.test_step_4: <selenium.webdriver.remote.webelement.WebElement (session="bbf35fee738ea50245a20dcb79eaf80f", element="0.6614832328629938-3")>
# INFO     [2019-02-05 17:44:32,174]#  before_change_value_of -> Test_Travelocity.Travelocity.test_step_4: <selenium.webdriver.remote.webelement.WebElement (session="bbf35fee738ea50245a20dcb79eaf80f", element="0.6614832328629938-3")>
# INFO     [2019-02-05 17:44:32,191]#  before_change_value_of -> Test_Travelocity.Travelocity.test_step_4: <selenium.webdriver.remote.webelement.WebElement (session="bbf35fee738ea50245a20dcb79eaf80f", element="0.6614832328629938-3")>
# INFO     [2019-02-05 17:44:32,205]#  before_change_value_of -> Test_Travelocity.Travelocity.test_step_4: <selenium.webdriver.remote.webelement.WebElement (session="bbf35fee738ea50245a20dcb79eaf80f", element="0.6614832328629938-3")>
# INFO     [2019-02-05 17:44:32,219]#  before_change_value_of -> Test_Travelocity.Travelocity.test_step_4: <selenium.webdriver.remote.webelement.WebElement (session="bbf35fee738ea50245a20dcb79eaf80f", element="0.6614832328629938-3")>
# INFO     [2019-02-05 17:44:32,232]#  before_change_value_of -> Test_Travelocity.Travelocity.test_step_4: <selenium.webdriver.remote.webelement.WebElement (session="bbf35fee738ea50245a20dcb79eaf80f", element="0.6614832328629938-3")>
# INFO     [2019-02-05 17:44:32,247]#  before_change_value_of -> Test_Travelocity.Travelocity.test_step_4: <selenium.webdriver.remote.webelement.WebElement (session="bbf35fee738ea50245a20dcb79eaf80f", element="0.6614832328629938-3")>
# INFO     [2019-02-05 17:44:32,261]#  before_change_value_of -> Test_Travelocity.Travelocity.test_step_4: <selenium.webdriver.remote.webelement.WebElement (session="bbf35fee738ea50245a20dcb79eaf80f", element="0.6614832328629938-3")>
# INFO     [2019-02-05 17:44:32,274]#  before_change_value_of -> Test_Travelocity.Travelocity.test_step_4: <selenium.webdriver.remote.webelement.WebElement (session="bbf35fee738ea50245a20dcb79eaf80f", element="0.6614832328629938-3")>
# INFO     [2019-02-05 17:44:32,292]#  before_change_value_of -> Test_Travelocity.Travelocity.test_step_4: <selenium.webdriver.remote.webelement.WebElement (session="bbf35fee738ea50245a20dcb79eaf80f", element="0.6614832328629938-3")>
# INFO     [2019-02-05 17:44:32,307]#  before_change_value_of -> Test_Travelocity.Travelocity.test_step_4: <selenium.webdriver.remote.webelement.WebElement (session="bbf35fee738ea50245a20dcb79eaf80f", element="0.6614832328629938-3")>
# INFO     [2019-02-05 17:44:32,328]#  before_change_value_of -> Test_Travelocity.Travelocity.test_step_4: <selenium.webdriver.remote.webelement.WebElement (session="bbf35fee738ea50245a20dcb79eaf80f", element="0.6614832328629938-3")>
# INFO     [2019-02-05 17:44:32,342]#  before_change_value_of -> Test_Travelocity.Travelocity.test_step_4: <selenium.webdriver.remote.webelement.WebElement (session="bbf35fee738ea50245a20dcb79eaf80f", element="0.6614832328629938-3")>
# INFO     [2019-02-05 17:44:32,355]#  before_change_value_of -> Test_Travelocity.Travelocity.test_step_4: <selenium.webdriver.remote.webelement.WebElement (session="bbf35fee738ea50245a20dcb79eaf80f", element="0.6614832328629938-3")>
# INFO     [2019-02-05 17:44:32,370]#  before_change_value_of -> Test_Travelocity.Travelocity.test_step_4: <selenium.webdriver.remote.webelement.WebElement (session="bbf35fee738ea50245a20dcb79eaf80f", element="0.6614832328629938-3")>
# INFO     [2019-02-05 17:44:32,385]#  before_change_value_of -> Test_Travelocity.Travelocity.test_step_4: <selenium.webdriver.remote.webelement.WebElement (session="bbf35fee738ea50245a20dcb79eaf80f", element="0.6614832328629938-3")>
# INFO     [2019-02-05 17:44:32,400]#  before_change_value_of -> Test_Travelocity.Travelocity.test_step_4: <selenium.webdriver.remote.webelement.WebElement (session="bbf35fee738ea50245a20dcb79eaf80f", element="0.6614832328629938-3")>
# INFO     [2019-02-05 17:44:32,413]#  before_change_value_of -> Test_Travelocity.Travelocity.test_step_4: <selenium.webdriver.remote.webelement.WebElement (session="bbf35fee738ea50245a20dcb79eaf80f", element="0.6614832328629938-3")>
# INFO     [2019-02-05 17:44:34,517]#  before_find   -> Test_Travelocity.Travelocity.test_step_5: xpath //div[8]/label/button
# INFO     [2019-02-05 17:44:34,555]#  before_click  -> Test_Travelocity.Travelocity.test_step_5: <selenium.webdriver.remote.webelement.WebElement (session="bbf35fee738ea50245a20dcb79eaf80f", element="0.6614832328629938-4")>
# INFO     [2019-02-05 17:44:34,778]#  before_find   -> Test_Travelocity.Travelocity.test_step_5: css selector a.flex-link
# INFO     [2019-02-05 17:44:34,791]#  before_click  -> Test_Travelocity.Travelocity.test_step_5: <selenium.webdriver.remote.webelement.WebElement (session="bbf35fee738ea50245a20dcb79eaf80f", element="0.6614832328629938-7")>
# INFO     [2019-02-05 17:44:34,910]#  before_find   -> Test_Travelocity.Travelocity.test_step_5: id mock-book-button
# ERROR    [2019-02-05 17:44:36,661]#  on_exception  -> Test_Travelocity.Travelocity.test_step_5: Message: no such element: Unable to locate element: {"method":"id","selector":"mock-book-button"}
  (Session info: chrome=71.0.3578.98)
  (Driver info: chromedriver=2.41.578737 (49da6702b16031c40d63e5618de03a32ff6c197e),platform=Windows NT 6.1.7601 SP1 x86_64)

# INFO     [2019-02-05 17:44:37,804]#  before_find   -> Test_Travelocity.Travelocity.test_step_5: id mock-book-button
# ERROR    [2019-02-05 17:44:38,526]#  on_exception  -> Test_Travelocity.Travelocity.test_step_5: Message: no such element: Unable to locate element: {"method":"id","selector":"mock-book-button"}
  (Session info: chrome=71.0.3578.98)
  (Driver info: chromedriver=2.41.578737 (49da6702b16031c40d63e5618de03a32ff6c197e),platform=Windows NT 6.1.7601 SP1 x86_64)

# INFO     [2019-02-05 17:44:39,621]#  before_find   -> Test_Travelocity.Travelocity.test_step_5: id mock-book-button
# ERROR    [2019-02-05 17:44:39,637]#  on_exception  -> Test_Travelocity.Travelocity.test_step_5: Message: no such element: Unable to locate element: {"method":"id","selector":"mock-book-button"}
  (Session info: chrome=71.0.3578.98)
  (Driver info: chromedriver=2.41.578737 (49da6702b16031c40d63e5618de03a32ff6c197e),platform=Windows NT 6.1.7601 SP1 x86_64)

# INFO     [2019-02-05 17:44:40,867]#  before_find   -> Test_Travelocity.Travelocity.test_step_5: id mock-book-button
# ERROR    [2019-02-05 17:44:40,878]#  on_exception  -> Test_Travelocity.Travelocity.test_step_5: Message: no such element: Unable to locate element: {"method":"id","selector":"mock-book-button"}
  (Session info: chrome=71.0.3578.98)
  (Driver info: chromedriver=2.41.578737 (49da6702b16031c40d63e5618de03a32ff6c197e),platform=Windows NT 6.1.7601 SP1 x86_64)

# INFO     [2019-02-05 17:44:41,967]#  before_find   -> Test_Travelocity.Travelocity.test_step_5: id mock-book-button
# ERROR    [2019-02-05 17:44:41,979]#  on_exception  -> Test_Travelocity.Travelocity.test_step_5: Message: no such element: Unable to locate element: {"method":"id","selector":"mock-book-button"}
  (Session info: chrome=71.0.3578.98)
  (Driver info: chromedriver=2.41.578737 (49da6702b16031c40d63e5618de03a32ff6c197e),platform=Windows NT 6.1.7601 SP1 x86_64)

# INFO     [2019-02-05 17:44:43,056]#  before_find   -> Test_Travelocity.Travelocity.test_step_5: id mock-book-button
# ERROR    [2019-02-05 17:44:43,063]#  on_exception  -> Test_Travelocity.Travelocity.test_step_5: Message: no such element: Unable to locate element: {"method":"id","selector":"mock-book-button"}
  (Session info: chrome=71.0.3578.98)
  (Driver info: chromedriver=2.41.578737 (49da6702b16031c40d63e5618de03a32ff6c197e),platform=Windows NT 6.1.7601 SP1 x86_64)

# INFO     [2019-02-05 17:44:44,121]#  before_find   -> Test_Travelocity.Travelocity.test_step_5: id mock-book-button
# ERROR    [2019-02-05 17:44:44,141]#  on_exception  -> Test_Travelocity.Travelocity.test_step_5: Message: no such element: Unable to locate element: {"method":"id","selector":"mock-book-button"}
  (Session info: chrome=71.0.3578.98)
  (Driver info: chromedriver=2.41.578737 (49da6702b16031c40d63e5618de03a32ff6c197e),platform=Windows NT 6.1.7601 SP1 x86_64)

# ERROR    [2019-02-05 17:44:46,217]#  on_exception  -> Test_Travelocity.Travelocity.test_step_5: (<class 'selenium.common.exceptions.TimeoutException'>, TimeoutException('', None, None), <traceback object at 0x03E09878>)
